hwif_in.STATUS.busy.next
hwif_in.STATUS.done.next
hwif_in.STATUS.done_sticky.next
hwif_in.STATUS.err_sticky.next
hwif_in.STATUS.irq_seen_sticky.next
hwif_in.STATUS.fault_seen_sticky.next
hwif_in.ERR_CODE_LIVE.err_code_live.next[15:0]
hwif_in.ERR_CODE_STICKY.err_code_sticky.next[15:0]
hwif_in.STEP_ID_LIVE.step_id_live.next[7:0]
hwif_in.STEP_ID_SNAPSHOT.step_id_snapshot.next[7:0]
hwif_in.LAST_OPCODE_LIVE.last_opcode_live.next[15:0]
hwif_in.LAST_OPCODE_SNAP.last_opcode_snap.next[15:0]
hwif_in.IRQ_COUNT.irq_count.next[31:0]
hwif_in.FAULT_COUNT.fault_count.next[31:0]
hwif_in.INIT_SCRIPT_ID.init_script_id.next[7:0]
hwif_in.RF_SCRIPT_ID.rf_script_id.next[7:0]
hwif_in.PROFILE_SCRIPT_ID.profile_script_id.next[7:0]
hwif_in.FRAME_SCRIPT_ID.frame_script_id.next[7:0]
hwif_in.MONITOR_SCRIPT_ID.monitor_script_id.next[7:0]
hwif_in.START_SCRIPT_ID.start_script_id.next[7:0]
hwif_in.STOP_SCRIPT_ID.stop_script_id.next[7:0]
hwif_in.SCRATCH.scratch.next[31:0]
hwif_out.VERSION.version.value[31:0]
hwif_out.CONTROL.start_init.value
hwif_out.CONTROL.start_sensor.value
hwif_out.CONTROL.stop_sensor.value
hwif_out.CONTROL.hard_reset.value
hwif_out.CONTROL.clear_error.value
hwif_out.INIT_SCRIPT_ID.init_script_id.value[7:0]
hwif_out.RF_SCRIPT_ID.rf_script_id.value[7:0]
hwif_out.PROFILE_SCRIPT_ID.profile_script_id.value[7:0]
hwif_out.FRAME_SCRIPT_ID.frame_script_id.value[7:0]
hwif_out.MONITOR_SCRIPT_ID.monitor_script_id.value[7:0]
hwif_out.START_SCRIPT_ID.start_script_id.value[7:0]
hwif_out.STOP_SCRIPT_ID.stop_script_id.value[7:0]
hwif_out.SCRATCH.scratch.value[31:0]
