hwif_in.CTRL.enable.next
hwif_in.CTRL.allow_overwrite.next
hwif_in.CTRL.drop_invalid_slot.next
hwif_in.CTRL.drop_on_no_space.next
hwif_in.STATUS.full.next
hwif_in.STATUS.almost_full.next
hwif_in.STATUS.empty.next
hwif_in.STATUS.rd_busy.next
hwif_in.STATUS.err_cfg_align.next
hwif_in.STATUS.err_no_space.next
hwif_in.STATUS.err_slot_proto.next
hwif_in.STATUS.err_slot_too_large.next
hwif_in.STATUS.err_axi_wr_resp.next
hwif_in.STATUS.err_axi_rd_resp.next
hwif_in.STATUS.err_illegal_read.next
hwif_in.RING_BASE_LO.ring_base_lo.next[31:0]
hwif_in.RING_BASE_HI.ring_base_hi.next[31:0]
hwif_in.RING_SIZE_BYTES.ring_size_bytes.next[31:0]
hwif_in.USED_BYTES.used_bytes.next[31:0]
hwif_in.FREE_BYTES.free_bytes.next[31:0]
hwif_in.COMMITTED_BYTES.committed_bytes.next[31:0]
hwif_in.WR_PTR_LO.wr_ptr_lo.next[31:0]
hwif_in.WR_PTR_HI.wr_ptr_hi.next[31:0]
hwif_in.RD_PTR_LO.rd_ptr_lo.next[31:0]
hwif_in.RD_PTR_HI.rd_ptr_hi.next[31:0]
hwif_in.COMMIT_PTR_LO.commit_ptr_lo.next[31:0]
hwif_in.COMMIT_PTR_HI.commit_ptr_hi.next[31:0]
hwif_in.WRAP_COUNT.wrap_count.next[31:0]
hwif_in.OVERFLOW_COUNT.overflow_count.next[31:0]
hwif_in.DROP_COUNT.drop_count.next[31:0]
hwif_in.LAST_COMMIT_ADDR_LO.slot_addr_lo.next[31:0]
hwif_in.LAST_COMMIT_ADDR_HI.slot_addr_hi.next[31:0]
hwif_in.LAST_COMMIT_INFO.slot_bytes.next[23:0]
hwif_in.LAST_COMMIT_INFO.valid_good.next
hwif_in.LAST_COMMIT_INFO.overflow_err.next
hwif_in.LAST_COMMIT_INFO.commit_valid.next
hwif_in.LAST_COMMIT_SEQ.slot_seq.next[31:0]
hwif_in.HEAD_DESC_ADDR_LO.slot_addr_lo.next[31:0]
hwif_in.HEAD_DESC_ADDR_HI.slot_addr_hi.next[31:0]
hwif_in.HEAD_DESC_INFO.slot_bytes.next[23:0]
hwif_in.HEAD_DESC_INFO.valid_good.next
hwif_in.HEAD_DESC_INFO.overflow_err.next
hwif_in.HEAD_DESC_INFO.desc_valid.next
hwif_in.HEAD_DESC_SEQ.slot_seq.next[31:0]
hwif_out.CTRL.enable.value
hwif_out.CTRL.allow_overwrite.value
hwif_out.CTRL.drop_invalid_slot.value
hwif_out.CTRL.drop_on_no_space.value
hwif_out.RING_BASE_LO.ring_base_lo.value[31:0]
hwif_out.RING_BASE_HI.ring_base_hi.value[31:0]
hwif_out.RING_SIZE_BYTES.ring_size_bytes.value[31:0]
hwif_out.READ_CMD.issue_head_read.value
hwif_out.READ_CMD.consume_head.value
